05/31/2024 23:16:25 PM(File:app_window.py,Line:539, LoadData) - INFO - Open CSV file  succeed.
06/02/2024 11:51:37 AM(File:app_window.py,Line:539, LoadData) - INFO - Open CSV file D:/Abdominal_Radiology_Tool/Diagnosis/Train_example/train_data.csv succeed.
06/02/2024 11:56:04 AM(File:app_window.py,Line:539, LoadData) - INFO - Open CSV file D:/Abdominal_Radiology_Tool/Diagnosis/Test_example/test2.csv succeed.
06/02/2024 11:56:42 AM(File:app_window.py,Line:539, LoadData) - INFO - Open CSV file  succeed.
06/02/2024 12:09:39 PM(File:app_window.py,Line:539, LoadData) - INFO - Open CSV file  succeed.
06/02/2024 23:07:39 PM(File:app_window.py,Line:539, LoadData) - INFO - Open CSV file  succeed.
06/03/2024 18:06:10 PM(File:app_window.py,Line:539, LoadData) - INFO - Open CSV file D:/Abdominal_Radiology_Tool/Diagnosis/Train_example/train_data.csv succeed.
06/03/2024 22:01:08 PM(File:app_window.py,Line:539, LoadData) - INFO - Open CSV file D:/Abdominal_Radiology_Tool/Diagnosis/Pair_Test_Data/train_numeric_feature_paired.csv succeed.
06/03/2024 22:03:22 PM(File:app_window_pair.py,Line:603, LoarTrainDataPair) - INFO - Open CSV file D:/Abdominal_Radiology_Tool/Diagnosis/Pair_Test_Data/train_numeric_feature_paired.csv succeed.
06/03/2024 22:14:36 PM(File:app_window_pair.py,Line:603, LoarTrainDataPair) - INFO - Open CSV file D:/Abdominal_Radiology_Tool/Diagnosis/Pair_Test_Data/train_numeric_feature_paired.csv succeed.
06/03/2024 22:18:49 PM(File:app_window_pair.py,Line:673, LoadTestDataPair) - INFO - Loading testing data D:/Abdominal_Radiology_Tool/Diagnosis/Pair_Test_Data/test_numeric_feature_one_paired.csv succeed.
06/03/2024 22:32:46 PM(File:app_window_pair.py,Line:603, LoarTrainDataPair) - INFO - Open CSV file D:/Abdominal_Radiology_Tool/Diagnosis/Pair_Test_Data/train_numeric_feature_paired.csv succeed.
06/03/2024 22:35:38 PM(File:app_window_pair.py,Line:673, LoadTestDataPair) - INFO - Loading testing data D:/Abdominal_Radiology_Tool/Diagnosis/Pair_Test_Data/test_numeric_feature_one_paired.csv succeed.
06/03/2024 22:37:49 PM(File:app_window_pair.py,Line:603, LoarTrainDataPair) - INFO - Open CSV file D:/Abdominal_Radiology_Tool/Diagnosis/Pair_Test_Data/train_numeric_feature_paired.csv succeed.
06/03/2024 22:39:19 PM(File:app_window_pair.py,Line:673, LoadTestDataPair) - INFO - Loading testing data D:/Abdominal_Radiology_Tool/Diagnosis/Pair_Test_Data/test_numeric_feature_one_paired.csv succeed.
06/03/2024 22:41:15 PM(File:app_window_pair.py,Line:673, LoadTestDataPair) - INFO - Loading testing data D:/Abdominal_Radiology_Tool/Diagnosis/Pair_Test_Data/test_numeric_feature_test2_paired.csv succeed.
06/04/2024 15:45:36 PM(File:app_window_pair.py,Line:603, LoarTrainDataPair) - INFO - Open CSV file D:/Abdominal_Radiology_Tool/Diagnosis/Pair_Test_Data/train_numeric_feature_paired.csv succeed.
06/04/2024 15:46:50 PM(File:app_window_pair.py,Line:673, LoadTestDataPair) - INFO - Loading testing data D:/Abdominal_Radiology_Tool/Diagnosis/Pair_Test_Data/test_numeric_feature_one_paired.csv succeed.
06/04/2024 15:50:05 PM(File:app_window_pair.py,Line:673, LoadTestDataPair) - INFO - Loading testing data D:/Abdominal_Radiology_Tool/Diagnosis/Pair_Test_Data/test_numeric_feature_one_paired.csv succeed.
06/04/2024 15:51:57 PM(File:app_window_pair.py,Line:673, LoadTestDataPair) - INFO - Loading testing data D:/Abdominal_Radiology_Tool/Diagnosis/Pair_Test_Data/test_numeric_feature_one_paired.csv succeed.
06/04/2024 15:52:31 PM(File:app_window_pair.py,Line:673, LoadTestDataPair) - INFO - Loading testing data D:/Abdominal_Radiology_Tool/Diagnosis/Pair_Test_Data/test_numeric_feature_one_paired.csv succeed.
06/04/2024 15:53:55 PM(File:app_window_pair.py,Line:673, LoadTestDataPair) - INFO - Loading testing data D:/Abdominal_Radiology_Tool/Diagnosis/Pair_Test_Data/test_numeric_feature_one_paired.csv succeed.
06/04/2024 15:56:41 PM(File:app_window_pair.py,Line:603, LoarTrainDataPair) - INFO - Open CSV file D:/Abdominal_Radiology_Tool/Diagnosis/Pair_Test_Data/train_numeric_feature_paired.csv succeed.
06/04/2024 15:58:09 PM(File:app_window_pair.py,Line:673, LoadTestDataPair) - INFO - Loading testing data D:/Abdominal_Radiology_Tool/Diagnosis/Pair_Test_Data/test_numeric_feature_test2_paired.csv succeed.
06/04/2024 15:59:48 PM(File:app_window_pair.py,Line:673, LoadTestDataPair) - INFO - Loading testing data D:/Abdominal_Radiology_Tool/Diagnosis/Pair_Test_Data/test_numeric_feature_test2_paired.csv succeed.
06/04/2024 16:02:02 PM(File:app_window_pair.py,Line:673, LoadTestDataPair) - INFO - Loading testing data D:/Abdominal_Radiology_Tool/Diagnosis/Pair_Test_Data/test_numeric_feature_test2_paired.csv succeed.
06/04/2024 16:09:38 PM(File:app_window_pair.py,Line:673, LoadTestDataPair) - INFO - Loading testing data D:/Abdominal_Radiology_Tool/Diagnosis/Pair_Test_Data/test_numeric_feature_one_paired.csv succeed.
06/04/2024 16:11:05 PM(File:app_window_pair.py,Line:673, LoadTestDataPair) - INFO - Loading testing data D:/Abdominal_Radiology_Tool/Diagnosis/Pair_Test_Data/test_numeric_feature_one_paired.csv succeed.
06/04/2024 16:13:21 PM(File:app_window_pair.py,Line:603, LoarTrainDataPair) - INFO - Open CSV file D:/Abdominal_Radiology_Tool/Diagnosis/Pair_Test_Data/train_numeric_feature_paired.csv succeed.
06/04/2024 16:14:49 PM(File:app_window_pair.py,Line:673, LoadTestDataPair) - INFO - Loading testing data D:/Abdominal_Radiology_Tool/Diagnosis/Pair_Test_Data/test_numeric_feature_one_paired.csv succeed.
06/04/2024 16:15:37 PM(File:app_window_pair.py,Line:673, LoadTestDataPair) - INFO - Loading testing data D:/Abdominal_Radiology_Tool/Diagnosis/Pair_Test_Data/test_numeric_feature_test2_paired.csv succeed.
06/04/2024 16:18:36 PM(File:app_window_pair.py,Line:603, LoarTrainDataPair) - INFO - Open CSV file D:/Abdominal_Radiology_Tool/Diagnosis/Pair_Test_Data/train_numeric_feature_paired.csv succeed.
06/04/2024 16:20:05 PM(File:app_window_pair.py,Line:673, LoadTestDataPair) - INFO - Loading testing data D:/Abdominal_Radiology_Tool/Diagnosis/Pair_Test_Data/test_numeric_feature1_paired.csv succeed.
06/04/2024 16:54:56 PM(File:app_window_pair.py,Line:603, LoarTrainDataPair) - INFO - Open CSV file D:/Abdominal_Radiology_Tool/Diagnosis/Pair_Test_Data/train_numeric_feature_paired.csv succeed.
06/04/2024 16:56:19 PM(File:app_window_pair.py,Line:673, LoadTestDataPair) - INFO - Loading testing data D:/Abdominal_Radiology_Tool/Diagnosis/Pair_Test_Data/test_numeric_feature1_paired.csv succeed.
06/04/2024 16:58:42 PM(File:app_window_pair.py,Line:603, LoarTrainDataPair) - INFO - Open CSV file D:/Abdominal_Radiology_Tool/Diagnosis/Pair_Test_Data/train_numeric_feature_paired.csv succeed.
06/04/2024 17:00:41 PM(File:app_window_pair.py,Line:673, LoadTestDataPair) - INFO - Loading testing data D:/Abdominal_Radiology_Tool/Diagnosis/Pair_Test_Data/test_numeric_feature1_paired.csv succeed.
06/04/2024 17:03:24 PM(File:app_window_pair.py,Line:673, LoadTestDataPair) - INFO - Loading testing data D:/Abdominal_Radiology_Tool/Diagnosis/Pair_Test_Data/test_numeric_feature0_paired.csv succeed.
06/05/2024 12:04:38 PM(File:app_window_pair.py,Line:673, LoadTestDataPair) - INFO - Loading testing data D:/Abdominal_Radiology_Tool/Diagnosis/Pair_Test_example_Data/test_numeric_feature1_paired.csv succeed.
06/05/2024 12:06:16 PM(File:app_window_pair.py,Line:603, LoarTrainDataPair) - INFO - Open CSV file D:/Abdominal_Radiology_Tool/Diagnosis/Pair_Test_example_Data/train_numeric_feature_paired.csv succeed.
06/05/2024 20:45:37 PM(File:app_window_pair.py,Line:600, LoarTrainDataPair) - INFO - Open CSV file D:/Abdominal_Radiology_Tool/Diagnosis/Pair_Test_example_Data/train_numeric_feature_paired.csv succeed.
06/05/2024 20:47:00 PM(File:app_window_pair.py,Line:670, LoadTestDataPair) - INFO - Loading testing data D:/Abdominal_Radiology_Tool/Diagnosis/Pair_Test_example_Data/test_numeric_feature1_paired.csv succeed.
